2025-05-18 23:04:18.325  INFO 65828 --- [main] com.secure.DemoApplication               : Starting DemoApplication using Java 23.0.1 on BasharN with PID 65828 (C:\Users\basha\SE\ProgressTracking\target\classes started by basha in C:\Users\basha\SE\ProgressTracking)
2025-05-18 23:04:18.331  INFO 65828 --- [main] com.secure.DemoApplication               : No active profile set, falling back to 1 default profile: "default"
2025-05-18 23:04:19.950  INFO 65828 --- [main] .s.d.r.c.RepositoryConfigurationDelegate : Bootstrapping Spring Data JPA repositories in DEFAULT mode.
2025-05-18 23:04:20.093  INFO 65828 --- [main] .s.d.r.c.RepositoryConfigurationDelegate : Finished Spring Data repository scanning in 124 ms. Found 5 JPA repository interfaces.
2025-05-18 23:04:21.371  INFO 65828 --- [main] o.s.b.w.embedded.tomcat.TomcatWebServer  : Tomcat initialized with port(s): 8080 (http)
2025-05-18 23:04:21.390  INFO 65828 --- [main] o.apache.catalina.core.StandardService   : Starting service [Tomcat]
2025-05-18 23:04:21.391  INFO 65828 --- [main] org.apache.catalina.core.StandardEngine  : Starting Servlet engine: [Apache Tomcat/9.0.83]
2025-05-18 23:04:21.691  INFO 65828 --- [main] o.a.c.c.C.[Tomcat].[localhost].[/]       : Initializing Spring embedded WebApplicationContext
2025-05-18 23:04:21.693  INFO 65828 --- [main] w.s.c.ServletWebServerApplicationContext : Root WebApplicationContext: initialization completed in 3223 ms
2025-05-18 23:04:22.058  INFO 65828 --- [main] o.hibernate.jpa.internal.util.LogHelper  : HHH000204: Processing PersistenceUnitInfo [name: default]
2025-05-18 23:04:22.191  INFO 65828 --- [main] org.hibernate.Version                    : HHH000412: Hibernate ORM core version 5.6.15.Final
2025-05-18 23:04:22.572  INFO 65828 --- [main] o.hibernate.annotations.common.Version   : HCANN000001: Hibernate Commons Annotations {5.1.2.Final}
2025-05-18 23:04:22.792  INFO 65828 --- [main] com.zaxxer.hikari.HikariDataSource       : HikariPool-1 - Starting...
2025-05-18 23:04:23.631  INFO 65828 --- [main] com.zaxxer.hikari.HikariDataSource       : HikariPool-1 - Start completed.
2025-05-18 23:04:23.672  INFO 65828 --- [main] org.hibernate.dialect.Dialect            : HHH000400: Using dialect: org.hibernate.dialect.MySQL8Dialect
2025-05-18 23:04:25.974  INFO 65828 --- [main] o.h.e.t.j.p.i.JtaPlatformInitiator       : HHH000490: Using JtaPlatform implementation: [org.hibernate.engine.transaction.jta.platform.internal.NoJtaPlatform]
2025-05-18 23:04:25.997  INFO 65828 --- [main] j.LocalContainerEntityManagerFactoryBean : Initialized JPA EntityManagerFactory for persistence unit 'default'
2025-05-18 23:04:27.764  WARN 65828 --- [main] JpaBaseConfiguration$JpaWebConfiguration : spring.jpa.open-in-view is enabled by default. Therefore, database queries may be performed during view rendering. Explicitly configure spring.jpa.open-in-view to disable this warning
2025-05-18 23:04:28.183  INFO 65828 --- [main] o.s.s.web.DefaultSecurityFilterChain     : Will secure any request with [org.springframework.security.web.session.DisableEncodeUrlFilter@9771c71, org.springframework.security.web.context.request.async.WebAsyncManagerIntegrationFilter@63c66980, org.springframework.security.web.context.SecurityContextPersistenceFilter@2926f7bd, org.springframework.security.web.header.HeaderWriterFilter@18d09283, org.springframework.security.web.authentication.logout.LogoutFilter@7f7f544a, com.secure.security.config.WebSecurityConfig$1@8cce9ad, org.springframework.security.web.authentication.UsernamePasswordAuthenticationFilter@474deb4c, org.springframework.security.web.savedrequest.RequestCacheAwareFilter@211cf27b, org.springframework.security.web.servletapi.SecurityContextHolderAwareRequestFilter@75f446df, org.springframework.security.web.authentication.AnonymousAuthenticationFilter@6dc5e857, org.springframework.security.web.session.SessionManagementFilter@6672b0ea, org.springframework.security.web.access.ExceptionTranslationFilter@601e7c97, org.springframework.security.web.access.intercept.FilterSecurityInterceptor@35975b05]
2025-05-18 23:04:29.383  INFO 65828 --- [main] o.s.b.w.embedded.tomcat.TomcatWebServer  : Tomcat started on port(s): 8080 (http) with context path ''
2025-05-18 23:04:29.404  INFO 65828 --- [main] com.secure.DemoApplication               : Started DemoApplication in 12.089 seconds (JVM running for 13.644)
2025-05-18 23:04:30.282  INFO 65828 --- [http-nio-8080-exec-1] o.a.c.c.C.[Tomcat].[localhost].[/]       : Initializing Spring DispatcherServlet 'dispatcherServlet'
2025-05-18 23:04:30.283  INFO 65828 --- [http-nio-8080-exec-1] o.s.web.servlet.DispatcherServlet        : Initializing Servlet 'dispatcherServlet'
2025-05-18 23:04:30.284  INFO 65828 --- [http-nio-8080-exec-1] o.s.web.servlet.DispatcherServlet        : Completed initialization in 1 ms
2025-05-18 23:04:30.453  INFO 65828 --- [http-nio-8080-exec-2] com.secure.logging.RequestLoggingFilter  : Incoming request: GET /login from IP: 0:0:0:0:0:0:0:1
2025-05-18 23:04:31.307  INFO 65828 --- [http-nio-8080-exec-3] com.secure.logging.RequestLoggingFilter  : Incoming request: GET /css/pro.css from IP: 0:0:0:0:0:0:0:1
2025-05-18 23:04:39.677 DEBUG 65828 --- [http-nio-8080-exec-4] c.s.security.config.RecaptchaConfig      : Sending reCAPTCHA verification request to: https://www.google.com/recaptcha/api/siteverify
2025-05-18 23:04:39.679 DEBUG 65828 --- [http-nio-8080-exec-4] c.s.security.config.RecaptchaConfig      : Using secret key: 6Lf5SD8rAAAAAMBG5jTAfUJ9Mvi4HtkJWjtuiV0L
2025-05-18 23:04:40.432 DEBUG 65828 --- [http-nio-8080-exec-4] c.s.security.config.RecaptchaConfig      : reCAPTCHA response body: {success=true, challenge_ts=2025-05-18T20:04:32Z, hostname=localhost}
2025-05-18 23:04:40.432  INFO 65828 --- [http-nio-8080-exec-4] c.s.security.config.RecaptchaConfig      : reCAPTCHA verification successful
2025-05-18 23:04:40.433 DEBUG 65828 --- [http-nio-8080-exec-4] c.s.security.config.WebSecurityConfig$1  : reCAPTCHA verification successful
2025-05-18 23:04:41.478  INFO 65828 --- [http-nio-8080-exec-5] com.secure.logging.RequestLoggingFilter  : Incoming request: GET /verify-otp from IP: 0:0:0:0:0:0:0:1
2025-05-18 23:04:50.498  INFO 65828 --- [http-nio-8080-exec-6] com.secure.logging.RequestLoggingFilter  : Incoming request: POST /verify-otp from IP: 0:0:0:0:0:0:0:1
2025-05-18 23:04:50.634  INFO 65828 --- [http-nio-8080-exec-8] com.secure.logging.RequestLoggingFilter  : Incoming request: GET /dashboard from IP: 0:0:0:0:0:0:0:1
2025-05-18 23:04:50.911  INFO 65828 --- [http-nio-8080-exec-9] com.secure.logging.RequestLoggingFilter  : Incoming request: GET /css/pro.css from IP: 0:0:0:0:0:0:0:1
2025-05-18 23:04:50.918  INFO 65828 --- [http-nio-8080-exec-7] com.secure.logging.RequestLoggingFilter  : Incoming request: GET /css/dashboard-tutor.css from IP: 0:0:0:0:0:0:0:1
2025-05-18 23:04:51.038  INFO 65828 --- [http-nio-8080-exec-10] com.secure.logging.RequestLoggingFilter  : Incoming request: GET /api/dashboard/overview from IP: 0:0:0:0:0:0:0:1
2025-05-18 23:04:55.717  INFO 65828 --- [http-nio-8080-exec-1] com.secure.logging.RequestLoggingFilter  : Incoming request: GET /api/courses/1/gpa from IP: 0:0:0:0:0:0:0:1
2025-05-18 23:05:07.680  INFO 65828 --- [http-nio-8080-exec-2] com.secure.logging.RequestLoggingFilter  : Incoming request: GET /api/courses/1/students-for-grading from IP: 0:0:0:0:0:0:0:1
2025-05-18 23:05:12.542  INFO 65828 --- [http-nio-8080-exec-3] com.secure.logging.RequestLoggingFilter  : Incoming request: POST /api/courses/1/grades from IP: 0:0:0:0:0:0:0:1
2025-05-18 23:05:12.663  INFO 65828 --- [http-nio-8080-exec-4] com.secure.logging.RequestLoggingFilter  : Incoming request: GET /api/courses/1/students-for-grading from IP: 0:0:0:0:0:0:0:1
2025-05-18 23:05:26.577  INFO 65828 --- [http-nio-8080-exec-5] com.secure.logging.RequestLoggingFilter  : Incoming request: GET /api/courses/1/students from IP: 0:0:0:0:0:0:0:1
2025-05-18 23:05:41.997  INFO 65828 --- [http-nio-8080-exec-6] com.secure.logging.RequestLoggingFilter  : Incoming request: POST /api/courses/1/attendance from IP: 0:0:0:0:0:0:0:1
2025-05-18 23:05:42.048  INFO 65828 --- [http-nio-8080-exec-8] com.secure.logging.RequestLoggingFilter  : Incoming request: GET /api/courses/1/students from IP: 0:0:0:0:0:0:0:1
2025-05-18 23:05:47.092  INFO 65828 --- [http-nio-8080-exec-7] com.secure.logging.RequestLoggingFilter  : Incoming request: GET /login from IP: 0:0:0:0:0:0:0:1
2025-05-18 23:05:47.190  INFO 65828 --- [http-nio-8080-exec-10] com.secure.logging.RequestLoggingFilter  : Incoming request: GET /css/pro.css from IP: 0:0:0:0:0:0:0:1
2025-05-18 23:05:51.164 DEBUG 65828 --- [http-nio-8080-exec-1] c.s.security.config.RecaptchaConfig      : Sending reCAPTCHA verification request to: https://www.google.com/recaptcha/api/siteverify
2025-05-18 23:05:51.173 DEBUG 65828 --- [http-nio-8080-exec-1] c.s.security.config.RecaptchaConfig      : Using secret key: 6Lf5SD8rAAAAAMBG5jTAfUJ9Mvi4HtkJWjtuiV0L
2025-05-18 23:05:51.652 DEBUG 65828 --- [http-nio-8080-exec-1] c.s.security.config.RecaptchaConfig      : reCAPTCHA response body: {success=true, challenge_ts=2025-05-18T20:05:47Z, hostname=localhost}
2025-05-18 23:05:51.653  INFO 65828 --- [http-nio-8080-exec-1] c.s.security.config.RecaptchaConfig      : reCAPTCHA verification successful
2025-05-18 23:05:51.655 DEBUG 65828 --- [http-nio-8080-exec-1] c.s.security.config.WebSecurityConfig$1  : reCAPTCHA verification successful
2025-05-18 23:05:51.972  INFO 65828 --- [http-nio-8080-exec-3] com.secure.logging.RequestLoggingFilter  : Incoming request: GET /verify-otp from IP: 0:0:0:0:0:0:0:1
2025-05-18 23:05:59.474  INFO 65828 --- [http-nio-8080-exec-4] com.secure.logging.RequestLoggingFilter  : Incoming request: POST /verify-otp from IP: 0:0:0:0:0:0:0:1
2025-05-18 23:05:59.532  INFO 65828 --- [http-nio-8080-exec-5] com.secure.logging.RequestLoggingFilter  : Incoming request: GET /dashboard from IP: 0:0:0:0:0:0:0:1
2025-05-18 23:05:59.676  INFO 65828 --- [http-nio-8080-exec-6] com.secure.logging.RequestLoggingFilter  : Incoming request: GET /css/pro.css from IP: 0:0:0:0:0:0:0:1
2025-05-18 23:05:59.692  INFO 65828 --- [http-nio-8080-exec-8] com.secure.logging.RequestLoggingFilter  : Incoming request: GET /css/dashboard-tutor.css from IP: 0:0:0:0:0:0:0:1
2025-05-18 23:05:59.749  INFO 65828 --- [http-nio-8080-exec-9] com.secure.logging.RequestLoggingFilter  : Incoming request: GET /api/dashboard/overview from IP: 0:0:0:0:0:0:0:1
2025-05-18 23:06:00.843  INFO 65828 --- [http-nio-8080-exec-7] com.secure.logging.RequestLoggingFilter  : Incoming request: GET /users from IP: 0:0:0:0:0:0:0:1
2025-05-18 23:06:00.939  INFO 65828 --- [http-nio-8080-exec-10] com.secure.logging.RequestLoggingFilter  : Incoming request: GET /css/pro.css from IP: 0:0:0:0:0:0:0:1
2025-05-18 23:06:01.770  INFO 65828 --- [http-nio-8080-exec-1] com.secure.logging.RequestLoggingFilter  : Incoming request: GET /register from IP: 0:0:0:0:0:0:0:1
2025-05-18 23:06:07.993  INFO 65828 --- [http-nio-8080-exec-2] com.secure.logging.RequestLoggingFilter  : Incoming request: GET /dashboard from IP: 0:0:0:0:0:0:0:1
2025-05-18 23:06:08.125  INFO 65828 --- [http-nio-8080-exec-4] com.secure.logging.RequestLoggingFilter  : Incoming request: GET /css/dashboard-tutor.css from IP: 0:0:0:0:0:0:0:1
2025-05-18 23:06:08.125  INFO 65828 --- [http-nio-8080-exec-3] com.secure.logging.RequestLoggingFilter  : Incoming request: GET /css/pro.css from IP: 0:0:0:0:0:0:0:1
2025-05-18 23:06:08.179  INFO 65828 --- [http-nio-8080-exec-5] com.secure.logging.RequestLoggingFilter  : Incoming request: GET /api/dashboard/overview from IP: 0:0:0:0:0:0:0:1
2025-05-18 23:06:09.105  INFO 65828 --- [http-nio-8080-exec-8] com.secure.logging.RequestLoggingFilter  : Incoming request: GET /login from IP: 0:0:0:0:0:0:0:1
2025-05-18 23:06:09.169  INFO 65828 --- [http-nio-8080-exec-9] com.secure.logging.RequestLoggingFilter  : Incoming request: GET /css/pro.css from IP: 0:0:0:0:0:0:0:1
2025-05-18 23:06:13.797 DEBUG 65828 --- [http-nio-8080-exec-7] c.s.security.config.RecaptchaConfig      : Sending reCAPTCHA verification request to: https://www.google.com/recaptcha/api/siteverify
2025-05-18 23:06:13.797 DEBUG 65828 --- [http-nio-8080-exec-7] c.s.security.config.RecaptchaConfig      : Using secret key: 6Lf5SD8rAAAAAMBG5jTAfUJ9Mvi4HtkJWjtuiV0L
2025-05-18 23:06:14.283 DEBUG 65828 --- [http-nio-8080-exec-7] c.s.security.config.RecaptchaConfig      : reCAPTCHA response body: {success=true, challenge_ts=2025-05-18T20:06:09Z, hostname=localhost}
2025-05-18 23:06:14.284  INFO 65828 --- [http-nio-8080-exec-7] c.s.security.config.RecaptchaConfig      : reCAPTCHA verification successful
2025-05-18 23:06:14.284 DEBUG 65828 --- [http-nio-8080-exec-7] c.s.security.config.WebSecurityConfig$1  : reCAPTCHA verification successful
2025-05-18 23:06:14.800  INFO 65828 --- [http-nio-8080-exec-10] com.secure.logging.RequestLoggingFilter  : Incoming request: GET /verify-otp from IP: 0:0:0:0:0:0:0:1
2025-05-18 23:06:19.070  INFO 65828 --- [http-nio-8080-exec-1] com.secure.logging.RequestLoggingFilter  : Incoming request: POST /verify-otp from IP: 0:0:0:0:0:0:0:1
2025-05-18 23:06:19.137  INFO 65828 --- [http-nio-8080-exec-2] com.secure.logging.RequestLoggingFilter  : Incoming request: GET /dashboard-student from IP: 0:0:0:0:0:0:0:1
2025-05-18 23:06:19.301  INFO 65828 --- [http-nio-8080-exec-4] com.secure.logging.RequestLoggingFilter  : Incoming request: GET /css/pro.css from IP: 0:0:0:0:0:0:0:1
2025-05-18 23:06:19.304  INFO 65828 --- [http-nio-8080-exec-3] com.secure.logging.RequestLoggingFilter  : Incoming request: GET /css/dashboard-tutor.css from IP: 0:0:0:0:0:0:0:1
2025-05-18 23:06:39.494  INFO 65828 --- [http-nio-8080-exec-6] com.secure.logging.RequestLoggingFilter  : Incoming request: GET /css/pro.css from IP: 0:0:0:0:0:0:0:1
2025-05-18 23:06:49.451  INFO 65828 --- [http-nio-8080-exec-8] com.secure.logging.RequestLoggingFilter  : Incoming request: GET /dashboard-student from IP: 0:0:0:0:0:0:0:1
2025-05-18 23:06:49.552  INFO 65828 --- [http-nio-8080-exec-9] com.secure.logging.RequestLoggingFilter  : Incoming request: GET /css/pro.css from IP: 0:0:0:0:0:0:0:1
2025-05-18 23:06:49.557  INFO 65828 --- [http-nio-8080-exec-7] com.secure.logging.RequestLoggingFilter  : Incoming request: GET /css/dashboard-tutor.css from IP: 0:0:0:0:0:0:0:1
2025-05-18 23:06:50.877  INFO 65828 --- [http-nio-8080-exec-1] com.secure.logging.RequestLoggingFilter  : Incoming request: GET /login from IP: 0:0:0:0:0:0:0:1
2025-05-18 23:06:51.023  INFO 65828 --- [http-nio-8080-exec-2] com.secure.logging.RequestLoggingFilter  : Incoming request: GET /css/pro.css from IP: 0:0:0:0:0:0:0:1
2025-05-18 23:08:36.367 DEBUG 65828 --- [http-nio-8080-exec-5] c.s.security.config.RecaptchaConfig      : Sending reCAPTCHA verification request to: https://www.google.com/recaptcha/api/siteverify
2025-05-18 23:08:36.376 DEBUG 65828 --- [http-nio-8080-exec-5] c.s.security.config.RecaptchaConfig      : Using secret key: 6Lf5SD8rAAAAAMBG5jTAfUJ9Mvi4HtkJWjtuiV0L
2025-05-18 23:08:36.744 DEBUG 65828 --- [http-nio-8080-exec-5] c.s.security.config.RecaptchaConfig      : reCAPTCHA response body: {success=true, challenge_ts=2025-05-18T20:06:51Z, hostname=localhost}
2025-05-18 23:08:36.745  INFO 65828 --- [http-nio-8080-exec-5] c.s.security.config.RecaptchaConfig      : reCAPTCHA verification successful
2025-05-18 23:08:36.745 DEBUG 65828 --- [http-nio-8080-exec-5] c.s.security.config.WebSecurityConfig$1  : reCAPTCHA verification successful
2025-05-18 23:08:37.035  INFO 65828 --- [http-nio-8080-exec-6] com.secure.logging.RequestLoggingFilter  : Incoming request: GET /verify-otp from IP: 0:0:0:0:0:0:0:1
2025-05-18 23:08:43.747  INFO 65828 --- [http-nio-8080-exec-8] com.secure.logging.RequestLoggingFilter  : Incoming request: POST /verify-otp from IP: 0:0:0:0:0:0:0:1
2025-05-18 23:08:43.794  INFO 65828 --- [http-nio-8080-exec-9] com.secure.logging.RequestLoggingFilter  : Incoming request: GET /dashboard-student from IP: 0:0:0:0:0:0:0:1
2025-05-18 23:08:43.919  INFO 65828 --- [http-nio-8080-exec-7] com.secure.logging.RequestLoggingFilter  : Incoming request: GET /css/pro.css from IP: 0:0:0:0:0:0:0:1
2025-05-18 23:08:43.932  INFO 65828 --- [http-nio-8080-exec-10] com.secure.logging.RequestLoggingFilter  : Incoming request: GET /css/dashboard-tutor.css from IP: 0:0:0:0:0:0:0:1
2025-05-18 23:08:45.662  INFO 65828 --- [http-nio-8080-exec-2] com.secure.logging.RequestLoggingFilter  : Incoming request: GET /login from IP: 0:0:0:0:0:0:0:1
2025-05-18 23:08:45.771  INFO 65828 --- [http-nio-8080-exec-3] com.secure.logging.RequestLoggingFilter  : Incoming request: GET /css/pro.css from IP: 0:0:0:0:0:0:0:1
2025-05-18 23:08:52.125 DEBUG 65828 --- [http-nio-8080-exec-4] c.s.security.config.RecaptchaConfig      : Sending reCAPTCHA verification request to: https://www.google.com/recaptcha/api/siteverify
2025-05-18 23:08:52.132 DEBUG 65828 --- [http-nio-8080-exec-4] c.s.security.config.RecaptchaConfig      : Using secret key: 6Lf5SD8rAAAAAMBG5jTAfUJ9Mvi4HtkJWjtuiV0L
2025-05-18 23:08:52.544 DEBUG 65828 --- [http-nio-8080-exec-4] c.s.security.config.RecaptchaConfig      : reCAPTCHA response body: {success=true, challenge_ts=2025-05-18T20:08:46Z, hostname=localhost}
2025-05-18 23:08:52.544  INFO 65828 --- [http-nio-8080-exec-4] c.s.security.config.RecaptchaConfig      : reCAPTCHA verification successful
2025-05-18 23:08:52.546 DEBUG 65828 --- [http-nio-8080-exec-4] c.s.security.config.WebSecurityConfig$1  : reCAPTCHA verification successful
2025-05-18 23:08:52.842  INFO 65828 --- [http-nio-8080-exec-5] com.secure.logging.RequestLoggingFilter  : Incoming request: GET /verify-otp from IP: 0:0:0:0:0:0:0:1
2025-05-18 23:08:57.872  INFO 65828 --- [http-nio-8080-exec-6] com.secure.logging.RequestLoggingFilter  : Incoming request: POST /verify-otp from IP: 0:0:0:0:0:0:0:1
2025-05-18 23:09:01.680  INFO 65828 --- [http-nio-8080-exec-8] com.secure.logging.RequestLoggingFilter  : Incoming request: POST /verify-otp from IP: 0:0:0:0:0:0:0:1
2025-05-18 23:09:07.702  INFO 65828 --- [http-nio-8080-exec-9] com.secure.logging.RequestLoggingFilter  : Incoming request: GET /verify-otp from IP: 0:0:0:0:0:0:0:1
2025-05-18 23:09:10.400  INFO 65828 --- [http-nio-8080-exec-7] com.secure.logging.RequestLoggingFilter  : Incoming request: POST /verify-otp from IP: 0:0:0:0:0:0:0:1
2025-05-18 23:09:15.961  INFO 65828 --- [http-nio-8080-exec-10] com.secure.logging.RequestLoggingFilter  : Incoming request: GET /verify-otp from IP: 0:0:0:0:0:0:0:1
2025-05-18 23:09:17.046  INFO 65828 --- [http-nio-8080-exec-1] com.secure.logging.RequestLoggingFilter  : Incoming request: GET /verify-otp from IP: 0:0:0:0:0:0:0:1
2025-05-18 23:09:17.665  INFO 65828 --- [http-nio-8080-exec-2] com.secure.logging.RequestLoggingFilter  : Incoming request: GET /login from IP: 0:0:0:0:0:0:0:1
2025-05-18 23:09:17.749  INFO 65828 --- [http-nio-8080-exec-3] com.secure.logging.RequestLoggingFilter  : Incoming request: GET /css/pro.css from IP: 0:0:0:0:0:0:0:1
2025-05-18 23:09:22.784 DEBUG 65828 --- [http-nio-8080-exec-4] c.s.security.config.RecaptchaConfig      : Sending reCAPTCHA verification request to: https://www.google.com/recaptcha/api/siteverify
2025-05-18 23:09:22.785 DEBUG 65828 --- [http-nio-8080-exec-4] c.s.security.config.RecaptchaConfig      : Using secret key: 6Lf5SD8rAAAAAMBG5jTAfUJ9Mvi4HtkJWjtuiV0L
2025-05-18 23:09:23.177 DEBUG 65828 --- [http-nio-8080-exec-4] c.s.security.config.RecaptchaConfig      : reCAPTCHA response body: {success=true, challenge_ts=2025-05-18T20:09:17Z, hostname=localhost}
2025-05-18 23:09:23.178  INFO 65828 --- [http-nio-8080-exec-4] c.s.security.config.RecaptchaConfig      : reCAPTCHA verification successful
2025-05-18 23:09:23.179 DEBUG 65828 --- [http-nio-8080-exec-4] c.s.security.config.WebSecurityConfig$1  : reCAPTCHA verification successful
2025-05-18 23:09:23.520  INFO 65828 --- [http-nio-8080-exec-5] com.secure.logging.RequestLoggingFilter  : Incoming request: GET /verify-otp from IP: 0:0:0:0:0:0:0:1
2025-05-18 23:09:28.755  INFO 65828 --- [http-nio-8080-exec-6] com.secure.logging.RequestLoggingFilter  : Incoming request: POST /verify-otp from IP: 0:0:0:0:0:0:0:1
2025-05-18 23:09:33.350  INFO 65828 --- [http-nio-8080-exec-8] com.secure.logging.RequestLoggingFilter  : Incoming request: POST /verify-otp from IP: 0:0:0:0:0:0:0:1
2025-05-18 23:09:36.186  INFO 65828 --- [http-nio-8080-exec-9] com.secure.logging.RequestLoggingFilter  : Incoming request: POST /verify-otp from IP: 0:0:0:0:0:0:0:1
2025-05-18 23:09:41.634  INFO 65828 --- [http-nio-8080-exec-7] com.secure.logging.RequestLoggingFilter  : Incoming request: GET / from IP: 0:0:0:0:0:0:0:1
2025-05-18 23:09:42.021  INFO 65828 --- [http-nio-8080-exec-10] com.secure.logging.RequestLoggingFilter  : Incoming request: GET / from IP: 0:0:0:0:0:0:0:1
2025-05-18 23:09:42.094  INFO 65828 --- [http-nio-8080-exec-1] com.secure.logging.RequestLoggingFilter  : Incoming request: GET /css/pro.css from IP: 0:0:0:0:0:0:0:1
2025-05-18 23:09:43.611  INFO 65828 --- [http-nio-8080-exec-3] com.secure.logging.RequestLoggingFilter  : Incoming request: GET /css/pro.css from IP: 0:0:0:0:0:0:0:1
2025-05-18 23:09:46.700  INFO 65828 --- [http-nio-8080-exec-5] com.secure.logging.RequestLoggingFilter  : Incoming request: GET / from IP: 0:0:0:0:0:0:0:1
2025-05-18 23:09:46.902  INFO 65828 --- [http-nio-8080-exec-6] com.secure.logging.RequestLoggingFilter  : Incoming request: GET / from IP: 0:0:0:0:0:0:0:1
2025-05-18 23:09:46.990  INFO 65828 --- [http-nio-8080-exec-8] com.secure.logging.RequestLoggingFilter  : Incoming request: GET /css/pro.css from IP: 0:0:0:0:0:0:0:1
2025-05-18 23:09:52.208  INFO 65828 --- [http-nio-8080-exec-9] com.secure.logging.RequestLoggingFilter  : Incoming request: GET /login from IP: 0:0:0:0:0:0:0:1
2025-05-18 23:09:52.292  INFO 65828 --- [http-nio-8080-exec-7] com.secure.logging.RequestLoggingFilter  : Incoming request: GET /css/pro.css from IP: 0:0:0:0:0:0:0:1
2025-05-18 23:09:58.284 DEBUG 65828 --- [http-nio-8080-exec-10] c.s.security.config.RecaptchaConfig      : Sending reCAPTCHA verification request to: https://www.google.com/recaptcha/api/siteverify
2025-05-18 23:09:58.285 DEBUG 65828 --- [http-nio-8080-exec-10] c.s.security.config.RecaptchaConfig      : Using secret key: 6Lf5SD8rAAAAAMBG5jTAfUJ9Mvi4HtkJWjtuiV0L
2025-05-18 23:09:58.682 DEBUG 65828 --- [http-nio-8080-exec-10] c.s.security.config.RecaptchaConfig      : reCAPTCHA response body: {success=true, challenge_ts=2025-05-18T20:09:52Z, hostname=localhost}
2025-05-18 23:09:58.682  INFO 65828 --- [http-nio-8080-exec-10] c.s.security.config.RecaptchaConfig      : reCAPTCHA verification successful
2025-05-18 23:09:58.683 DEBUG 65828 --- [http-nio-8080-exec-10] c.s.security.config.WebSecurityConfig$1  : reCAPTCHA verification successful
2025-05-18 23:09:58.984  INFO 65828 --- [http-nio-8080-exec-1] com.secure.logging.RequestLoggingFilter  : Incoming request: GET /verify-otp from IP: 0:0:0:0:0:0:0:1
2025-05-18 23:10:04.916  INFO 65828 --- [http-nio-8080-exec-2] com.secure.logging.RequestLoggingFilter  : Incoming request: POST /verify-otp from IP: 0:0:0:0:0:0:0:1
2025-05-18 23:10:04.960  INFO 65828 --- [http-nio-8080-exec-3] com.secure.logging.RequestLoggingFilter  : Incoming request: GET /dashboard from IP: 0:0:0:0:0:0:0:1
2025-05-18 23:10:05.098  INFO 65828 --- [http-nio-8080-exec-4] com.secure.logging.RequestLoggingFilter  : Incoming request: GET /css/pro.css from IP: 0:0:0:0:0:0:0:1
2025-05-18 23:10:05.107  INFO 65828 --- [http-nio-8080-exec-5] com.secure.logging.RequestLoggingFilter  : Incoming request: GET /css/dashboard-tutor.css from IP: 0:0:0:0:0:0:0:1
2025-05-18 23:10:05.161  INFO 65828 --- [http-nio-8080-exec-6] com.secure.logging.RequestLoggingFilter  : Incoming request: GET /api/dashboard/overview from IP: 0:0:0:0:0:0:0:1
2025-05-18 23:10:15.386  INFO 65828 --- [http-nio-8080-exec-8] com.secure.logging.RequestLoggingFilter  : Incoming request: GET /courses/add from IP: 0:0:0:0:0:0:0:1
2025-05-18 23:10:15.456  INFO 65828 --- [http-nio-8080-exec-9] com.secure.logging.RequestLoggingFilter  : Incoming request: GET /css/pro.css from IP: 0:0:0:0:0:0:0:1
2025-05-18 23:10:21.795  INFO 65828 --- [SpringApplicationShutdownHook] j.LocalContainerEntityManagerFactoryBean : Closing JPA EntityManagerFactory for persistence unit 'default'
2025-05-18 23:10:21.800  INFO 65828 --- [SpringApplicationShutdownHook] com.zaxxer.hikari.HikariDataSource       : HikariPool-1 - Shutdown initiated...
2025-05-18 23:10:21.816  INFO 65828 --- [SpringApplicationShutdownHook] com.zaxxer.hikari.HikariDataSource       : HikariPool-1 - Shutdown completed.
